[2018-05-31 12:12:50] local.ERROR: PDOException: SQLSTATE[HY000] [1045] Access denied for user 'homestead'@'localhost' (using password: YES) in /home/teamsnowflake/stemapp/demo002-me/demo/php/vendor/laravel/framework/src/Illuminate/Database/Connectors/Connector.php:68
Stack trace:
#0 /home/teamsnowflake/stemapp/demo002-me/demo/php/vendor/laravel/framework/src/Illuminate/Database/Connectors/Connector.php(68): PDO->__construct('mysql:host=127....', 'homestead', 'Vekeda36', Array)
#1 /home/teamsnowflake/stemapp/demo002-me/demo/php/vendor/laravel/framework/src/Illuminate/Database/Connectors/Connector.php(44): Illuminate\Database\Connectors\Connector->createPdoConnection('mysql:host=127....', 'homestead', 'Vekeda36', Array)
#2 /home/teamsnowflake/stemapp/demo002-me/demo/php/vendor/laravel/framework/src/Illuminate/Database/Connectors/MySqlConnector.php(24): Illuminate\Database\Connectors\Connector->createConnection('mysql:host=127....', Array, Array)
#3 /home/teamsnowflake/stemapp/demo002-me/demo/php/vendor/laravel/framework/src/Illuminate/Database/Connectors/ConnectionFactory.php(183): Illuminate\Database\Connectors\MySqlConnector->connect(Array)
#4 [internal function]: Illuminate\Database\Connectors\ConnectionFactory->Illuminate\Database\Connectors\{closure}()
#5 /home/teamsnowflake/stemapp/demo002-me/demo/php/vendor/laravel/framework/src/Illuminate/Database/Connection.php(883): call_user_func(Object(Closure))
#6 /home/teamsnowflake/stemapp/demo002-me/demo/php/vendor/laravel/framework/src/Illuminate/Database/Connection.php(904): Illuminate\Database\Connection->getPdo()
#7 /home/teamsnowflake/stemapp/demo002-me/demo/php/vendor/laravel/framework/src/Illuminate/Database/Connection.php(392): Illuminate\Database\Connection->getReadPdo()
#8 /home/teamsnowflake/stemapp/demo002-me/demo/php/vendor/laravel/framework/src/Illuminate/Database/Connection.php(318): Illuminate\Database\Connection->getPdoForSelect(true)
#9 /home/teamsnowflake/stemapp/demo002-me/demo/php/vendor/laravel/framework/src/Illuminate/Database/Connection.php(640): Illuminate\Database\Connection->Illuminate\Database\{closure}('select * from i...', Array)
#10 /home/teamsnowflake/stemapp/demo002-me/demo/php/vendor/laravel/framework/src/Illuminate/Database/Connection.php(607): Illuminate\Database\Connection->runQueryCallback('select * from i...', Array, Object(Closure))
#11 /home/teamsnowflake/stemapp/demo002-me/demo/php/vendor/laravel/framework/src/Illuminate/Database/Connection.php(326): Illuminate\Database\Connection->run('select * from i...', Array, Object(Closure))
#12 /home/teamsnowflake/stemapp/demo002-me/demo/php/vendor/laravel/framework/src/Illuminate/Database/Schema/MySqlBuilder.php(18): Illuminate\Database\Connection->select('select * from i...', Array)
#13 /home/teamsnowflake/stemapp/demo002-me/demo/php/vendor/laravel/framework/src/Illuminate/Database/Migrations/DatabaseMigrationRepository.php(154): Illuminate\Database\Schema\MySqlBuilder->hasTable('migrations')
#14 /home/teamsnowflake/stemapp/demo002-me/demo/php/vendor/laravel/framework/src/Illuminate/Database/Migrations/Migrator.php(544): Illuminate\Database\Migrations\DatabaseMigrationRepository->repositoryExists()
#15 /home/teamsnowflake/stemapp/demo002-me/demo/php/vendor/laravel/framework/src/Illuminate/Database/Console/Migrations/ResetCommand.php(63): Illuminate\Database\Migrations\Migrator->repositoryExists()
#16 [internal function]: Illuminate\Database\Console\Migrations\ResetCommand->fire()
#17 /home/teamsnowflake/stemapp/demo002-me/demo/php/vendor/laravel/framework/src/Illuminate/Container/BoundMethod.php(29): call_user_func_array(Array, Array)
#18 /home/teamsnowflake/stemapp/demo002-me/demo/php/vendor/laravel/framework/src/Illuminate/Container/BoundMethod.php(87): Illuminate\Container\BoundMethod::Illuminate\Container\{closure}()
#19 /home/teamsnowflake/stemapp/demo002-me/demo/php/vendor/laravel/framework/src/Illuminate/Container/BoundMethod.php(31): Illuminate\Container\BoundMethod::callBoundMethod(Object(Illuminate\Foundation\Application), Array, Object(Closure))
#20 /home/teamsnowflake/stemapp/demo002-me/demo/php/vendor/laravel/framework/src/Illuminate/Container/Container.php(539): Illuminate\Container\BoundMethod::call(Object(Illuminate\Foundation\Application), Array, Array, NULL)
#21 /home/teamsnowflake/stemapp/demo002-me/demo/php/vendor/laravel/framework/src/Illuminate/Console/Command.php(182): Illuminate\Container\Container->call(Array)
#22 /home/teamsnowflake/stemapp/demo002-me/demo/php/vendor/symfony/console/Command/Command.php(251): Illuminate\Console\Command->execute(Object(Symfony\Component\Console\Input\ArrayInput), Object(Illuminate\Console\OutputStyle))
#23 /home/teamsnowflake/stemapp/demo002-me/demo/php/vendor/laravel/framework/src/Illuminate/Console/Command.php(167): Symfony\Component\Console\Command\Command->run(Object(Symfony\Component\Console\Input\ArrayInput), Object(Illuminate\Console\OutputStyle))
#24 /home/teamsnowflake/stemapp/demo002-me/demo/php/vendor/laravel/framework/src/Illuminate/Console/Command.php(197): Illuminate\Console\Command->run(Object(Symfony\Component\Console\Input\ArrayInput), Object(Illuminate\Console\OutputStyle))
#25 /home/teamsnowflake/stemapp/demo002-me/demo/php/vendor/laravel/framework/src/Illuminate/Database/Console/Migrations/RefreshCommand.php(104): Illuminate\Console\Command->call('migrate:reset', Array)
#26 /home/teamsnowflake/stemapp/demo002-me/demo/php/vendor/laravel/framework/src/Illuminate/Database/Console/Migrations/RefreshCommand.php(55): Illuminate\Database\Console\Migrations\RefreshCommand->runReset(NULL, NULL, false)
#27 [internal function]: Illuminate\Database\Console\Migrations\RefreshCommand->fire()
#28 /home/teamsnowflake/stemapp/demo002-me/demo/php/vendor/laravel/framework/src/Illuminate/Container/BoundMethod.php(29): call_user_func_array(Array, Array)
#29 /home/teamsnowflake/stemapp/demo002-me/demo/php/vendor/laravel/framework/src/Illuminate/Container/BoundMethod.php(87): Illuminate\Container\BoundMethod::Illuminate\Container\{closure}()
#30 /home/teamsnowflake/stemapp/demo002-me/demo/php/vendor/laravel/framework/src/Illuminate/Container/BoundMethod.php(31): Illuminate\Container\BoundMethod::callBoundMethod(Object(Illuminate\Foundation\Application), Array, Object(Closure))
#31 /home/teamsnowflake/stemapp/demo002-me/demo/php/vendor/laravel/framework/src/Illuminate/Container/Container.php(539): Illuminate\Container\BoundMethod::call(Object(Illuminate\Foundation\Application), Array, Array, NULL)
#32 /home/teamsnowflake/stemapp/demo002-me/demo/php/vendor/laravel/framework/src/Illuminate/Console/Command.php(182): Illuminate\Container\Container->call(Array)
#33 /home/teamsnowflake/stemapp/demo002-me/demo/php/vendor/symfony/console/Command/Command.php(251): Illuminate\Console\Command->execute(Object(Symfony\Component\Console\Input\ArgvInput), Object(Illuminate\Console\OutputStyle))
#34 /home/teamsnowflake/stemapp/demo002-me/demo/php/vendor/laravel/framework/src/Illuminate/Console/Command.php(167): Symfony\Component\Console\Command\Command->run(Object(Symfony\Component\Console\Input\ArgvInput), Object(Illuminate\Console\OutputStyle))
#35 /home/teamsnowflake/stemapp/demo002-me/demo/php/vendor/symfony/console/Application.php(946): Illuminate\Console\Command->run(Object(Symfony\Component\Console\Input\ArgvInput), Object(Symfony\Component\Console\Output\ConsoleOutput))
#36 /home/teamsnowflake/stemapp/demo002-me/demo/php/vendor/symfony/console/Application.php(248): Symfony\Component\Console\Application->doRunCommand(Object(Illuminate\Database\Console\Migrations\RefreshCommand), Object(Symfony\Component\Console\Input\ArgvInput), Object(Symfony\Component\Console\Output\ConsoleOutput))
#37 /home/teamsnowflake/stemapp/demo002-me/demo/php/vendor/symfony/console/Application.php(148): Symfony\Component\Console\Application->doRun(Object(Symfony\Component\Console\Input\ArgvInput), Object(Symfony\Component\Console\Output\ConsoleOutput))
#38 /home/teamsnowflake/stemapp/demo002-me/demo/php/vendor/laravel/framework/src/Illuminate/Foundation/Console/Kernel.php(122): Symfony\Component\Console\Application->run(Object(Symfony\Component\Console\Input\ArgvInput), Object(Symfony\Component\Console\Output\ConsoleOutput))
#39 /home/teamsnowflake/stemapp/demo002-me/demo/php/artisan(35): Illuminate\Foundation\Console\Kernel->handle(Object(Symfony\Component\Console\Input\ArgvInput), Object(Symfony\Component\Console\Output\ConsoleOutput))
#40 {main}  
[2018-05-31 12:12:50] local.ERROR: PDOException: SQLSTATE[HY000] [1045] Access denied for user 'homestead'@'localhost' (using password: YES) in /home/teamsnowflake/stemapp/demo002-me/demo/php/vendor/laravel/framework/src/Illuminate/Database/Connectors/Connector.php:68
Stack trace:
#0 /home/teamsnowflake/stemapp/demo002-me/demo/php/vendor/laravel/framework/src/Illuminate/Database/Connectors/Connector.php(68): PDO->__construct('mysql:host=127....', 'homestead', 'Vekeda36', Array)
#1 /home/teamsnowflake/stemapp/demo002-me/demo/php/vendor/laravel/framework/src/Illuminate/Database/Connectors/Connector.php(44): Illuminate\Database\Connectors\Connector->createPdoConnection('mysql:host=127....', 'homestead', 'Vekeda36', Array)
#2 /home/teamsnowflake/stemapp/demo002-me/demo/php/vendor/laravel/framework/src/Illuminate/Database/Connectors/MySqlConnector.php(24): Illuminate\Database\Connectors\Connector->createConnection('mysql:host=127....', Array, Array)
#3 /home/teamsnowflake/stemapp/demo002-me/demo/php/vendor/laravel/framework/src/Illuminate/Database/Connectors/ConnectionFactory.php(183): Illuminate\Database\Connectors\MySqlConnector->connect(Array)
#4 [internal function]: Illuminate\Database\Connectors\ConnectionFactory->Illuminate\Database\Connectors\{closure}()
#5 /home/teamsnowflake/stemapp/demo002-me/demo/php/vendor/laravel/framework/src/Illuminate/Database/Connection.php(883): call_user_func(Object(Closure))
#6 /home/teamsnowflake/stemapp/demo002-me/demo/php/vendor/laravel/framework/src/Illuminate/Database/Connection.php(904): Illuminate\Database\Connection->getPdo()
#7 /home/teamsnowflake/stemapp/demo002-me/demo/php/vendor/laravel/framework/src/Illuminate/Database/Connection.php(392): Illuminate\Database\Connection->getReadPdo()
#8 /home/teamsnowflake/stemapp/demo002-me/demo/php/vendor/laravel/framework/src/Illuminate/Database/Connection.php(318): Illuminate\Database\Connection->getPdoForSelect(true)
#9 /home/teamsnowflake/stemapp/demo002-me/demo/php/vendor/laravel/framework/src/Illuminate/Database/Connection.php(640): Illuminate\Database\Connection->Illuminate\Database\{closure}('select * from i...', Array)
#10 /home/teamsnowflake/stemapp/demo002-me/demo/php/vendor/laravel/framework/src/Illuminate/Database/Connection.php(607): Illuminate\Database\Connection->runQueryCallback('select * from i...', Array, Object(Closure))
#11 /home/teamsnowflake/stemapp/demo002-me/demo/php/vendor/laravel/framework/src/Illuminate/Database/Connection.php(326): Illuminate\Database\Connection->run('select * from i...', Array, Object(Closure))
#12 /home/teamsnowflake/stemapp/demo002-me/demo/php/vendor/laravel/framework/src/Illuminate/Database/Schema/MySqlBuilder.php(18): Illuminate\Database\Connection->select('select * from i...', Array)
#13 /home/teamsnowflake/stemapp/demo002-me/demo/php/vendor/laravel/framework/src/Illuminate/Database/Migrations/DatabaseMigrationRepository.php(154): Illuminate\Database\Schema\MySqlBuilder->hasTable('migrations')
#14 /home/teamsnowflake/stemapp/demo002-me/demo/php/vendor/laravel/framework/src/Illuminate/Database/Migrations/Migrator.php(544): Illuminate\Database\Migrations\DatabaseMigrationRepository->repositoryExists()
#15 /home/teamsnowflake/stemapp/demo002-me/demo/php/vendor/laravel/framework/src/Illuminate/Database/Console/Migrations/ResetCommand.php(63): Illuminate\Database\Migrations\Migrator->repositoryExists()
#16 [internal function]: Illuminate\Database\Console\Migrations\ResetCommand->fire()
#17 /home/teamsnowflake/stemapp/demo002-me/demo/php/vendor/laravel/framework/src/Illuminate/Container/BoundMethod.php(29): call_user_func_array(Array, Array)
#18 /home/teamsnowflake/stemapp/demo002-me/demo/php/vendor/laravel/framework/src/Illuminate/Container/BoundMethod.php(87): Illuminate\Container\BoundMethod::Illuminate\Container\{closure}()
#19 /home/teamsnowflake/stemapp/demo002-me/demo/php/vendor/laravel/framework/src/Illuminate/Container/BoundMethod.php(31): Illuminate\Container\BoundMethod::callBoundMethod(Object(Illuminate\Foundation\Application), Array, Object(Closure))
#20 /home/teamsnowflake/stemapp/demo002-me/demo/php/vendor/laravel/framework/src/Illuminate/Container/Container.php(539): Illuminate\Container\BoundMethod::call(Object(Illuminate\Foundation\Application), Array, Array, NULL)
#21 /home/teamsnowflake/stemapp/demo002-me/demo/php/vendor/laravel/framework/src/Illuminate/Console/Command.php(182): Illuminate\Container\Container->call(Array)
#22 /home/teamsnowflake/stemapp/demo002-me/demo/php/vendor/symfony/console/Command/Command.php(251): Illuminate\Console\Command->execute(Object(Symfony\Component\Console\Input\ArrayInput), Object(Illuminate\Console\OutputStyle))
#23 /home/teamsnowflake/stemapp/demo002-me/demo/php/vendor/laravel/framework/src/Illuminate/Console/Command.php(167): Symfony\Component\Console\Command\Command->run(Object(Symfony\Component\Console\Input\ArrayInput), Object(Illuminate\Console\OutputStyle))
#24 /home/teamsnowflake/stemapp/demo002-me/demo/php/vendor/laravel/framework/src/Illuminate/Console/Command.php(197): Illuminate\Console\Command->run(Object(Symfony\Component\Console\Input\ArrayInput), Object(Illuminate\Console\OutputStyle))
#25 /home/teamsnowflake/stemapp/demo002-me/demo/php/vendor/laravel/framework/src/Illuminate/Database/Console/Migrations/RefreshCommand.php(104): Illuminate\Console\Command->call('migrate:reset', Array)
#26 /home/teamsnowflake/stemapp/demo002-me/demo/php/vendor/laravel/framework/src/Illuminate/Database/Console/Migrations/RefreshCommand.php(55): Illuminate\Database\Console\Migrations\RefreshCommand->runReset(NULL, NULL, false)
#27 [internal function]: Illuminate\Database\Console\Migrations\RefreshCommand->fire()
#28 /home/teamsnowflake/stemapp/demo002-me/demo/php/vendor/laravel/framework/src/Illuminate/Container/BoundMethod.php(29): call_user_func_array(Array, Array)
#29 /home/teamsnowflake/stemapp/demo002-me/demo/php/vendor/laravel/framework/src/Illuminate/Container/BoundMethod.php(87): Illuminate\Container\BoundMethod::Illuminate\Container\{closure}()
#30 /home/teamsnowflake/stemapp/demo002-me/demo/php/vendor/laravel/framework/src/Illuminate/Container/BoundMethod.php(31): Illuminate\Container\BoundMethod::callBoundMethod(Object(Illuminate\Foundation\Application), Array, Object(Closure))
#31 /home/teamsnowflake/stemapp/demo002-me/demo/php/vendor/laravel/framework/src/Illuminate/Container/Container.php(539): Illuminate\Container\BoundMethod::call(Object(Illuminate\Foundation\Application), Array, Array, NULL)
#32 /home/teamsnowflake/stemapp/demo002-me/demo/php/vendor/laravel/framework/src/Illuminate/Console/Command.php(182): Illuminate\Container\Container->call(Array)
#33 /home/teamsnowflake/stemapp/demo002-me/demo/php/vendor/symfony/console/Command/Command.php(251): Illuminate\Console\Command->execute(Object(Symfony\Component\Console\Input\ArgvInput), Object(Illuminate\Console\OutputStyle))
#34 /home/teamsnowflake/stemapp/demo002-me/demo/php/vendor/laravel/framework/src/Illuminate/Console/Command.php(167): Symfony\Component\Console\Command\Command->run(Object(Symfony\Component\Console\Input\ArgvInput), Object(Illuminate\Console\OutputStyle))
#35 /home/teamsnowflake/stemapp/demo002-me/demo/php/vendor/symfony/console/Application.php(946): Illuminate\Console\Command->run(Object(Symfony\Component\Console\Input\ArgvInput), Object(Symfony\Component\Console\Output\ConsoleOutput))
#36 /home/teamsnowflake/stemapp/demo002-me/demo/php/vendor/symfony/console/Application.php(248): Symfony\Component\Console\Application->doRunCommand(Object(Illuminate\Database\Console\Migrations\RefreshCommand), Object(Symfony\Component\Console\Input\ArgvInput), Object(Symfony\Component\Console\Output\ConsoleOutput))
#37 /home/teamsnowflake/stemapp/demo002-me/demo/php/vendor/symfony/console/Application.php(148): Symfony\Component\Console\Application->doRun(Object(Symfony\Component\Console\Input\ArgvInput), Object(Symfony\Component\Console\Output\ConsoleOutput))
#38 /home/teamsnowflake/stemapp/demo002-me/demo/php/vendor/laravel/framework/src/Illuminate/Foundation/Console/Kernel.php(122): Symfony\Component\Console\Application->run(Object(Symfony\Component\Console\Input\ArgvInput), Object(Symfony\Component\Console\Output\ConsoleOutput))
#39 /home/teamsnowflake/stemapp/demo002-me/demo/php/artisan(35): Illuminate\Foundation\Console\Kernel->handle(Object(Symfony\Component\Console\Input\ArgvInput), Object(Symfony\Component\Console\Output\ConsoleOutput))
#40 {main}

Next Illuminate\Database\QueryException: SQLSTATE[HY000] [1045] Access denied for user 'homestead'@'localhost' (using password: YES) (SQL: select * from information_schema.tables where table_schema = homestead and table_name = migrations) in /home/teamsnowflake/stemapp/demo002-me/demo/php/vendor/laravel/framework/src/Illuminate/Database/Connection.php:647
Stack trace:
#0 /home/teamsnowflake/stemapp/demo002-me/demo/php/vendor/laravel/framework/src/Illuminate/Database/Connection.php(607): Illuminate\Database\Connection->runQueryCallback('select * from i...', Array, Object(Closure))
#1 /home/teamsnowflake/stemapp/demo002-me/demo/php/vendor/laravel/framework/src/Illuminate/Database/Connection.php(326): Illuminate\Database\Connection->run('select * from i...', Array, Object(Closure))
#2 /home/teamsnowflake/stemapp/demo002-me/demo/php/vendor/laravel/framework/src/Illuminate/Database/Schema/MySqlBuilder.php(18): Illuminate\Database\Connection->select('select * from i...', Array)
#3 /home/teamsnowflake/stemapp/demo002-me/demo/php/vendor/laravel/framework/src/Illuminate/Database/Migrations/DatabaseMigrationRepository.php(154): Illuminate\Database\Schema\MySqlBuilder->hasTable('migrations')
#4 /home/teamsnowflake/stemapp/demo002-me/demo/php/vendor/laravel/framework/src/Illuminate/Database/Migrations/Migrator.php(544): Illuminate\Database\Migrations\DatabaseMigrationRepository->repositoryExists()
#5 /home/teamsnowflake/stemapp/demo002-me/demo/php/vendor/laravel/framework/src/Illuminate/Database/Console/Migrations/ResetCommand.php(63): Illuminate\Database\Migrations\Migrator->repositoryExists()
#6 [internal function]: Illuminate\Database\Console\Migrations\ResetCommand->fire()
#7 /home/teamsnowflake/stemapp/demo002-me/demo/php/vendor/laravel/framework/src/Illuminate/Container/BoundMethod.php(29): call_user_func_array(Array, Array)
#8 /home/teamsnowflake/stemapp/demo002-me/demo/php/vendor/laravel/framework/src/Illuminate/Container/BoundMethod.php(87): Illuminate\Container\BoundMethod::Illuminate\Container\{closure}()
#9 /home/teamsnowflake/stemapp/demo002-me/demo/php/vendor/laravel/framework/src/Illuminate/Container/BoundMethod.php(31): Illuminate\Container\BoundMethod::callBoundMethod(Object(Illuminate\Foundation\Application), Array, Object(Closure))
#10 /home/teamsnowflake/stemapp/demo002-me/demo/php/vendor/laravel/framework/src/Illuminate/Container/Container.php(539): Illuminate\Container\BoundMethod::call(Object(Illuminate\Foundation\Application), Array, Array, NULL)
#11 /home/teamsnowflake/stemapp/demo002-me/demo/php/vendor/laravel/framework/src/Illuminate/Console/Command.php(182): Illuminate\Container\Container->call(Array)
#12 /home/teamsnowflake/stemapp/demo002-me/demo/php/vendor/symfony/console/Command/Command.php(251): Illuminate\Console\Command->execute(Object(Symfony\Component\Console\Input\ArrayInput), Object(Illuminate\Console\OutputStyle))
#13 /home/teamsnowflake/stemapp/demo002-me/demo/php/vendor/laravel/framework/src/Illuminate/Console/Command.php(167): Symfony\Component\Console\Command\Command->run(Object(Symfony\Component\Console\Input\ArrayInput), Object(Illuminate\Console\OutputStyle))
#14 /home/teamsnowflake/stemapp/demo002-me/demo/php/vendor/laravel/framework/src/Illuminate/Console/Command.php(197): Illuminate\Console\Command->run(Object(Symfony\Component\Console\Input\ArrayInput), Object(Illuminate\Console\OutputStyle))
#15 /home/teamsnowflake/stemapp/demo002-me/demo/php/vendor/laravel/framework/src/Illuminate/Database/Console/Migrations/RefreshCommand.php(104): Illuminate\Console\Command->call('migrate:reset', Array)
#16 /home/teamsnowflake/stemapp/demo002-me/demo/php/vendor/laravel/framework/src/Illuminate/Database/Console/Migrations/RefreshCommand.php(55): Illuminate\Database\Console\Migrations\RefreshCommand->runReset(NULL, NULL, false)
#17 [internal function]: Illuminate\Database\Console\Migrations\RefreshCommand->fire()
#18 /home/teamsnowflake/stemapp/demo002-me/demo/php/vendor/laravel/framework/src/Illuminate/Container/BoundMethod.php(29): call_user_func_array(Array, Array)
#19 /home/teamsnowflake/stemapp/demo002-me/demo/php/vendor/laravel/framework/src/Illuminate/Container/BoundMethod.php(87): Illuminate\Container\BoundMethod::Illuminate\Container\{closure}()
#20 /home/teamsnowflake/stemapp/demo002-me/demo/php/vendor/laravel/framework/src/Illuminate/Container/BoundMethod.php(31): Illuminate\Container\BoundMethod::callBoundMethod(Object(Illuminate\Foundation\Application), Array, Object(Closure))
#21 /home/teamsnowflake/stemapp/demo002-me/demo/php/vendor/laravel/framework/src/Illuminate/Container/Container.php(539): Illuminate\Container\BoundMethod::call(Object(Illuminate\Foundation\Application), Array, Array, NULL)
#22 /home/teamsnowflake/stemapp/demo002-me/demo/php/vendor/laravel/framework/src/Illuminate/Console/Command.php(182): Illuminate\Container\Container->call(Array)
#23 /home/teamsnowflake/stemapp/demo002-me/demo/php/vendor/symfony/console/Command/Command.php(251): Illuminate\Console\Command->execute(Object(Symfony\Component\Console\Input\ArgvInput), Object(Illuminate\Console\OutputStyle))
#24 /home/teamsnowflake/stemapp/demo002-me/demo/php/vendor/laravel/framework/src/Illuminate/Console/Command.php(167): Symfony\Component\Console\Command\Command->run(Object(Symfony\Component\Console\Input\ArgvInput), Object(Illuminate\Console\OutputStyle))
#25 /home/teamsnowflake/stemapp/demo002-me/demo/php/vendor/symfony/console/Application.php(946): Illuminate\Console\Command->run(Object(Symfony\Component\Console\Input\ArgvInput), Object(Symfony\Component\Console\Output\ConsoleOutput))
#26 /home/teamsnowflake/stemapp/demo002-me/demo/php/vendor/symfony/console/Application.php(248): Symfony\Component\Console\Application->doRunCommand(Object(Illuminate\Database\Console\Migrations\RefreshCommand), Object(Symfony\Component\Console\Input\ArgvInput), Object(Symfony\Component\Console\Output\ConsoleOutput))
#27 /home/teamsnowflake/stemapp/demo002-me/demo/php/vendor/symfony/console/Application.php(148): Symfony\Component\Console\Application->doRun(Object(Symfony\Component\Console\Input\ArgvInput), Object(Symfony\Component\Console\Output\ConsoleOutput))
#28 /home/teamsnowflake/stemapp/demo002-me/demo/php/vendor/laravel/framework/src/Illuminate/Foundation/Console/Kernel.php(122): Symfony\Component\Console\Application->run(Object(Symfony\Component\Console\Input\ArgvInput), Object(Symfony\Component\Console\Output\ConsoleOutput))
#29 /home/teamsnowflake/stemapp/demo002-me/demo/php/artisan(35): Illuminate\Foundation\Console\Kernel->handle(Object(Symfony\Component\Console\Input\ArgvInput), Object(Symfony\Component\Console\Output\ConsoleOutput))
#30 {main}  
[2018-05-31 12:14:01] local.ERROR: PDOException: SQLSTATE[HY000] [1045] Access denied for user 'homestead'@'localhost' (using password: YES) in /home/teamsnowflake/stemapp/demo002-me/demo/php/vendor/laravel/framework/src/Illuminate/Database/Connectors/Connector.php:68
Stack trace:
#0 /home/teamsnowflake/stemapp/demo002-me/demo/php/vendor/laravel/framework/src/Illuminate/Database/Connectors/Connector.php(68): PDO->__construct('mysql:host=127....', 'homestead', 'Vekeda36', Array)
#1 /home/teamsnowflake/stemapp/demo002-me/demo/php/vendor/laravel/framework/src/Illuminate/Database/Connectors/Connector.php(44): Illuminate\Database\Connectors\Connector->createPdoConnection('mysql:host=127....', 'homestead', 'Vekeda36', Array)
#2 /home/teamsnowflake/stemapp/demo002-me/demo/php/vendor/laravel/framework/src/Illuminate/Database/Connectors/MySqlConnector.php(24): Illuminate\Database\Connectors\Connector->createConnection('mysql:host=127....', Array, Array)
#3 /home/teamsnowflake/stemapp/demo002-me/demo/php/vendor/laravel/framework/src/Illuminate/Database/Connectors/ConnectionFactory.php(183): Illuminate\Database\Connectors\MySqlConnector->connect(Array)
#4 [internal function]: Illuminate\Database\Connectors\ConnectionFactory->Illuminate\Database\Connectors\{closure}()
#5 /home/teamsnowflake/stemapp/demo002-me/demo/php/vendor/laravel/framework/src/Illuminate/Database/Connection.php(883): call_user_func(Object(Closure))
#6 /home/teamsnowflake/stemapp/demo002-me/demo/php/vendor/laravel/framework/src/Illuminate/Database/Connection.php(904): Illuminate\Database\Connection->getPdo()
#7 /home/teamsnowflake/stemapp/demo002-me/demo/php/vendor/laravel/framework/src/Illuminate/Database/Connection.php(392): Illuminate\Database\Connection->getReadPdo()
#8 /home/teamsnowflake/stemapp/demo002-me/demo/php/vendor/laravel/framework/src/Illuminate/Database/Connection.php(318): Illuminate\Database\Connection->getPdoForSelect(true)
#9 /home/teamsnowflake/stemapp/demo002-me/demo/php/vendor/laravel/framework/src/Illuminate/Database/Connection.php(640): Illuminate\Database\Connection->Illuminate\Database\{closure}('select * from i...', Array)
#10 /home/teamsnowflake/stemapp/demo002-me/demo/php/vendor/laravel/framework/src/Illuminate/Database/Connection.php(607): Illuminate\Database\Connection->runQueryCallback('select * from i...', Array, Object(Closure))
#11 /home/teamsnowflake/stemapp/demo002-me/demo/php/vendor/laravel/framework/src/Illuminate/Database/Connection.php(326): Illuminate\Database\Connection->run('select * from i...', Array, Object(Closure))
#12 /home/teamsnowflake/stemapp/demo002-me/demo/php/vendor/laravel/framework/src/Illuminate/Database/Schema/MySqlBuilder.php(18): Illuminate\Database\Connection->select('select * from i...', Array)
#13 /home/teamsnowflake/stemapp/demo002-me/demo/php/vendor/laravel/framework/src/Illuminate/Database/Migrations/DatabaseMigrationRepository.php(154): Illuminate\Database\Schema\MySqlBuilder->hasTable('migrations')
#14 /home/teamsnowflake/stemapp/demo002-me/demo/php/vendor/laravel/framework/src/Illuminate/Database/Migrations/Migrator.php(544): Illuminate\Database\Migrations\DatabaseMigrationRepository->repositoryExists()
#15 /home/teamsnowflake/stemapp/demo002-me/demo/php/vendor/laravel/framework/src/Illuminate/Database/Console/Migrations/ResetCommand.php(63): Illuminate\Database\Migrations\Migrator->repositoryExists()
#16 [internal function]: Illuminate\Database\Console\Migrations\ResetCommand->fire()
#17 /home/teamsnowflake/stemapp/demo002-me/demo/php/vendor/laravel/framework/src/Illuminate/Container/BoundMethod.php(29): call_user_func_array(Array, Array)
#18 /home/teamsnowflake/stemapp/demo002-me/demo/php/vendor/laravel/framework/src/Illuminate/Container/BoundMethod.php(87): Illuminate\Container\BoundMethod::Illuminate\Container\{closure}()
#19 /home/teamsnowflake/stemapp/demo002-me/demo/php/vendor/laravel/framework/src/Illuminate/Container/BoundMethod.php(31): Illuminate\Container\BoundMethod::callBoundMethod(Object(Illuminate\Foundation\Application), Array, Object(Closure))
#20 /home/teamsnowflake/stemapp/demo002-me/demo/php/vendor/laravel/framework/src/Illuminate/Container/Container.php(539): Illuminate\Container\BoundMethod::call(Object(Illuminate\Foundation\Application), Array, Array, NULL)
#21 /home/teamsnowflake/stemapp/demo002-me/demo/php/vendor/laravel/framework/src/Illuminate/Console/Command.php(182): Illuminate\Container\Container->call(Array)
#22 /home/teamsnowflake/stemapp/demo002-me/demo/php/vendor/symfony/console/Command/Command.php(251): Illuminate\Console\Command->execute(Object(Symfony\Component\Console\Input\ArrayInput), Object(Illuminate\Console\OutputStyle))
#23 /home/teamsnowflake/stemapp/demo002-me/demo/php/vendor/laravel/framework/src/Illuminate/Console/Command.php(167): Symfony\Component\Console\Command\Command->run(Object(Symfony\Component\Console\Input\ArrayInput), Object(Illuminate\Console\OutputStyle))
#24 /home/teamsnowflake/stemapp/demo002-me/demo/php/vendor/laravel/framework/src/Illuminate/Console/Command.php(197): Illuminate\Console\Command->run(Object(Symfony\Component\Console\Input\ArrayInput), Object(Illuminate\Console\OutputStyle))
#25 /home/teamsnowflake/stemapp/demo002-me/demo/php/vendor/laravel/framework/src/Illuminate/Database/Console/Migrations/RefreshCommand.php(104): Illuminate\Console\Command->call('migrate:reset', Array)
#26 /home/teamsnowflake/stemapp/demo002-me/demo/php/vendor/laravel/framework/src/Illuminate/Database/Console/Migrations/RefreshCommand.php(55): Illuminate\Database\Console\Migrations\RefreshCommand->runReset(NULL, NULL, false)
#27 [internal function]: Illuminate\Database\Console\Migrations\RefreshCommand->fire()
#28 /home/teamsnowflake/stemapp/demo002-me/demo/php/vendor/laravel/framework/src/Illuminate/Container/BoundMethod.php(29): call_user_func_array(Array, Array)
#29 /home/teamsnowflake/stemapp/demo002-me/demo/php/vendor/laravel/framework/src/Illuminate/Container/BoundMethod.php(87): Illuminate\Container\BoundMethod::Illuminate\Container\{closure}()
#30 /home/teamsnowflake/stemapp/demo002-me/demo/php/vendor/laravel/framework/src/Illuminate/Container/BoundMethod.php(31): Illuminate\Container\BoundMethod::callBoundMethod(Object(Illuminate\Foundation\Application), Array, Object(Closure))
#31 /home/teamsnowflake/stemapp/demo002-me/demo/php/vendor/laravel/framework/src/Illuminate/Container/Container.php(539): Illuminate\Container\BoundMethod::call(Object(Illuminate\Foundation\Application), Array, Array, NULL)
#32 /home/teamsnowflake/stemapp/demo002-me/demo/php/vendor/laravel/framework/src/Illuminate/Console/Command.php(182): Illuminate\Container\Container->call(Array)
#33 /home/teamsnowflake/stemapp/demo002-me/demo/php/vendor/symfony/console/Command/Command.php(251): Illuminate\Console\Command->execute(Object(Symfony\Component\Console\Input\ArgvInput), Object(Illuminate\Console\OutputStyle))
#34 /home/teamsnowflake/stemapp/demo002-me/demo/php/vendor/laravel/framework/src/Illuminate/Console/Command.php(167): Symfony\Component\Console\Command\Command->run(Object(Symfony\Component\Console\Input\ArgvInput), Object(Illuminate\Console\OutputStyle))
#35 /home/teamsnowflake/stemapp/demo002-me/demo/php/vendor/symfony/console/Application.php(946): Illuminate\Console\Command->run(Object(Symfony\Component\Console\Input\ArgvInput), Object(Symfony\Component\Console\Output\ConsoleOutput))
#36 /home/teamsnowflake/stemapp/demo002-me/demo/php/vendor/symfony/console/Application.php(248): Symfony\Component\Console\Application->doRunCommand(Object(Illuminate\Database\Console\Migrations\RefreshCommand), Object(Symfony\Component\Console\Input\ArgvInput), Object(Symfony\Component\Console\Output\ConsoleOutput))
#37 /home/teamsnowflake/stemapp/demo002-me/demo/php/vendor/symfony/console/Application.php(148): Symfony\Component\Console\Application->doRun(Object(Symfony\Component\Console\Input\ArgvInput), Object(Symfony\Component\Console\Output\ConsoleOutput))
#38 /home/teamsnowflake/stemapp/demo002-me/demo/php/vendor/laravel/framework/src/Illuminate/Foundation/Console/Kernel.php(122): Symfony\Component\Console\Application->run(Object(Symfony\Component\Console\Input\ArgvInput), Object(Symfony\Component\Console\Output\ConsoleOutput))
#39 /home/teamsnowflake/stemapp/demo002-me/demo/php/artisan(35): Illuminate\Foundation\Console\Kernel->handle(Object(Symfony\Component\Console\Input\ArgvInput), Object(Symfony\Component\Console\Output\ConsoleOutput))
#40 {main}  
[2018-05-31 12:14:01] local.ERROR: PDOException: SQLSTATE[HY000] [1045] Access denied for user 'homestead'@'localhost' (using password: YES) in /home/teamsnowflake/stemapp/demo002-me/demo/php/vendor/laravel/framework/src/Illuminate/Database/Connectors/Connector.php:68
Stack trace:
#0 /home/teamsnowflake/stemapp/demo002-me/demo/php/vendor/laravel/framework/src/Illuminate/Database/Connectors/Connector.php(68): PDO->__construct('mysql:host=127....', 'homestead', 'Vekeda36', Array)
#1 /home/teamsnowflake/stemapp/demo002-me/demo/php/vendor/laravel/framework/src/Illuminate/Database/Connectors/Connector.php(44): Illuminate\Database\Connectors\Connector->createPdoConnection('mysql:host=127....', 'homestead', 'Vekeda36', Array)
#2 /home/teamsnowflake/stemapp/demo002-me/demo/php/vendor/laravel/framework/src/Illuminate/Database/Connectors/MySqlConnector.php(24): Illuminate\Database\Connectors\Connector->createConnection('mysql:host=127....', Array, Array)
#3 /home/teamsnowflake/stemapp/demo002-me/demo/php/vendor/laravel/framework/src/Illuminate/Database/Connectors/ConnectionFactory.php(183): Illuminate\Database\Connectors\MySqlConnector->connect(Array)
#4 [internal function]: Illuminate\Database\Connectors\ConnectionFactory->Illuminate\Database\Connectors\{closure}()
#5 /home/teamsnowflake/stemapp/demo002-me/demo/php/vendor/laravel/framework/src/Illuminate/Database/Connection.php(883): call_user_func(Object(Closure))
#6 /home/teamsnowflake/stemapp/demo002-me/demo/php/vendor/laravel/framework/src/Illuminate/Database/Connection.php(904): Illuminate\Database\Connection->getPdo()
#7 /home/teamsnowflake/stemapp/demo002-me/demo/php/vendor/laravel/framework/src/Illuminate/Database/Connection.php(392): Illuminate\Database\Connection->getReadPdo()
#8 /home/teamsnowflake/stemapp/demo002-me/demo/php/vendor/laravel/framework/src/Illuminate/Database/Connection.php(318): Illuminate\Database\Connection->getPdoForSelect(true)
#9 /home/teamsnowflake/stemapp/demo002-me/demo/php/vendor/laravel/framework/src/Illuminate/Database/Connection.php(640): Illuminate\Database\Connection->Illuminate\Database\{closure}('select * from i...', Array)
#10 /home/teamsnowflake/stemapp/demo002-me/demo/php/vendor/laravel/framework/src/Illuminate/Database/Connection.php(607): Illuminate\Database\Connection->runQueryCallback('select * from i...', Array, Object(Closure))
#11 /home/teamsnowflake/stemapp/demo002-me/demo/php/vendor/laravel/framework/src/Illuminate/Database/Connection.php(326): Illuminate\Database\Connection->run('select * from i...', Array, Object(Closure))
#12 /home/teamsnowflake/stemapp/demo002-me/demo/php/vendor/laravel/framework/src/Illuminate/Database/Schema/MySqlBuilder.php(18): Illuminate\Database\Connection->select('select * from i...', Array)
#13 /home/teamsnowflake/stemapp/demo002-me/demo/php/vendor/laravel/framework/src/Illuminate/Database/Migrations/DatabaseMigrationRepository.php(154): Illuminate\Database\Schema\MySqlBuilder->hasTable('migrations')
#14 /home/teamsnowflake/stemapp/demo002-me/demo/php/vendor/laravel/framework/src/Illuminate/Database/Migrations/Migrator.php(544): Illuminate\Database\Migrations\DatabaseMigrationRepository->repositoryExists()
#15 /home/teamsnowflake/stemapp/demo002-me/demo/php/vendor/laravel/framework/src/Illuminate/Database/Console/Migrations/ResetCommand.php(63): Illuminate\Database\Migrations\Migrator->repositoryExists()
#16 [internal function]: Illuminate\Database\Console\Migrations\ResetCommand->fire()
#17 /home/teamsnowflake/stemapp/demo002-me/demo/php/vendor/laravel/framework/src/Illuminate/Container/BoundMethod.php(29): call_user_func_array(Array, Array)
#18 /home/teamsnowflake/stemapp/demo002-me/demo/php/vendor/laravel/framework/src/Illuminate/Container/BoundMethod.php(87): Illuminate\Container\BoundMethod::Illuminate\Container\{closure}()
#19 /home/teamsnowflake/stemapp/demo002-me/demo/php/vendor/laravel/framework/src/Illuminate/Container/BoundMethod.php(31): Illuminate\Container\BoundMethod::callBoundMethod(Object(Illuminate\Foundation\Application), Array, Object(Closure))
#20 /home/teamsnowflake/stemapp/demo002-me/demo/php/vendor/laravel/framework/src/Illuminate/Container/Container.php(539): Illuminate\Container\BoundMethod::call(Object(Illuminate\Foundation\Application), Array, Array, NULL)
#21 /home/teamsnowflake/stemapp/demo002-me/demo/php/vendor/laravel/framework/src/Illuminate/Console/Command.php(182): Illuminate\Container\Container->call(Array)
#22 /home/teamsnowflake/stemapp/demo002-me/demo/php/vendor/symfony/console/Command/Command.php(251): Illuminate\Console\Command->execute(Object(Symfony\Component\Console\Input\ArrayInput), Object(Illuminate\Console\OutputStyle))
#23 /home/teamsnowflake/stemapp/demo002-me/demo/php/vendor/laravel/framework/src/Illuminate/Console/Command.php(167): Symfony\Component\Console\Command\Command->run(Object(Symfony\Component\Console\Input\ArrayInput), Object(Illuminate\Console\OutputStyle))
#24 /home/teamsnowflake/stemapp/demo002-me/demo/php/vendor/laravel/framework/src/Illuminate/Console/Command.php(197): Illuminate\Console\Command->run(Object(Symfony\Component\Console\Input\ArrayInput), Object(Illuminate\Console\OutputStyle))
#25 /home/teamsnowflake/stemapp/demo002-me/demo/php/vendor/laravel/framework/src/Illuminate/Database/Console/Migrations/RefreshCommand.php(104): Illuminate\Console\Command->call('migrate:reset', Array)
#26 /home/teamsnowflake/stemapp/demo002-me/demo/php/vendor/laravel/framework/src/Illuminate/Database/Console/Migrations/RefreshCommand.php(55): Illuminate\Database\Console\Migrations\RefreshCommand->runReset(NULL, NULL, false)
#27 [internal function]: Illuminate\Database\Console\Migrations\RefreshCommand->fire()
#28 /home/teamsnowflake/stemapp/demo002-me/demo/php/vendor/laravel/framework/src/Illuminate/Container/BoundMethod.php(29): call_user_func_array(Array, Array)
#29 /home/teamsnowflake/stemapp/demo002-me/demo/php/vendor/laravel/framework/src/Illuminate/Container/BoundMethod.php(87): Illuminate\Container\BoundMethod::Illuminate\Container\{closure}()
#30 /home/teamsnowflake/stemapp/demo002-me/demo/php/vendor/laravel/framework/src/Illuminate/Container/BoundMethod.php(31): Illuminate\Container\BoundMethod::callBoundMethod(Object(Illuminate\Foundation\Application), Array, Object(Closure))
#31 /home/teamsnowflake/stemapp/demo002-me/demo/php/vendor/laravel/framework/src/Illuminate/Container/Container.php(539): Illuminate\Container\BoundMethod::call(Object(Illuminate\Foundation\Application), Array, Array, NULL)
#32 /home/teamsnowflake/stemapp/demo002-me/demo/php/vendor/laravel/framework/src/Illuminate/Console/Command.php(182): Illuminate\Container\Container->call(Array)
#33 /home/teamsnowflake/stemapp/demo002-me/demo/php/vendor/symfony/console/Command/Command.php(251): Illuminate\Console\Command->execute(Object(Symfony\Component\Console\Input\ArgvInput), Object(Illuminate\Console\OutputStyle))
#34 /home/teamsnowflake/stemapp/demo002-me/demo/php/vendor/laravel/framework/src/Illuminate/Console/Command.php(167): Symfony\Component\Console\Command\Command->run(Object(Symfony\Component\Console\Input\ArgvInput), Object(Illuminate\Console\OutputStyle))
#35 /home/teamsnowflake/stemapp/demo002-me/demo/php/vendor/symfony/console/Application.php(946): Illuminate\Console\Command->run(Object(Symfony\Component\Console\Input\ArgvInput), Object(Symfony\Component\Console\Output\ConsoleOutput))
#36 /home/teamsnowflake/stemapp/demo002-me/demo/php/vendor/symfony/console/Application.php(248): Symfony\Component\Console\Application->doRunCommand(Object(Illuminate\Database\Console\Migrations\RefreshCommand), Object(Symfony\Component\Console\Input\ArgvInput), Object(Symfony\Component\Console\Output\ConsoleOutput))
#37 /home/teamsnowflake/stemapp/demo002-me/demo/php/vendor/symfony/console/Application.php(148): Symfony\Component\Console\Application->doRun(Object(Symfony\Component\Console\Input\ArgvInput), Object(Symfony\Component\Console\Output\ConsoleOutput))
#38 /home/teamsnowflake/stemapp/demo002-me/demo/php/vendor/laravel/framework/src/Illuminate/Foundation/Console/Kernel.php(122): Symfony\Component\Console\Application->run(Object(Symfony\Component\Console\Input\ArgvInput), Object(Symfony\Component\Console\Output\ConsoleOutput))
#39 /home/teamsnowflake/stemapp/demo002-me/demo/php/artisan(35): Illuminate\Foundation\Console\Kernel->handle(Object(Symfony\Component\Console\Input\ArgvInput), Object(Symfony\Component\Console\Output\ConsoleOutput))
#40 {main}

Next Illuminate\Database\QueryException: SQLSTATE[HY000] [1045] Access denied for user 'homestead'@'localhost' (using password: YES) (SQL: select * from information_schema.tables where table_schema = homestead and table_name = migrations) in /home/teamsnowflake/stemapp/demo002-me/demo/php/vendor/laravel/framework/src/Illuminate/Database/Connection.php:647
Stack trace:
#0 /home/teamsnowflake/stemapp/demo002-me/demo/php/vendor/laravel/framework/src/Illuminate/Database/Connection.php(607): Illuminate\Database\Connection->runQueryCallback('select * from i...', Array, Object(Closure))
#1 /home/teamsnowflake/stemapp/demo002-me/demo/php/vendor/laravel/framework/src/Illuminate/Database/Connection.php(326): Illuminate\Database\Connection->run('select * from i...', Array, Object(Closure))
#2 /home/teamsnowflake/stemapp/demo002-me/demo/php/vendor/laravel/framework/src/Illuminate/Database/Schema/MySqlBuilder.php(18): Illuminate\Database\Connection->select('select * from i...', Array)
#3 /home/teamsnowflake/stemapp/demo002-me/demo/php/vendor/laravel/framework/src/Illuminate/Database/Migrations/DatabaseMigrationRepository.php(154): Illuminate\Database\Schema\MySqlBuilder->hasTable('migrations')
#4 /home/teamsnowflake/stemapp/demo002-me/demo/php/vendor/laravel/framework/src/Illuminate/Database/Migrations/Migrator.php(544): Illuminate\Database\Migrations\DatabaseMigrationRepository->repositoryExists()
#5 /home/teamsnowflake/stemapp/demo002-me/demo/php/vendor/laravel/framework/src/Illuminate/Database/Console/Migrations/ResetCommand.php(63): Illuminate\Database\Migrations\Migrator->repositoryExists()
#6 [internal function]: Illuminate\Database\Console\Migrations\ResetCommand->fire()
#7 /home/teamsnowflake/stemapp/demo002-me/demo/php/vendor/laravel/framework/src/Illuminate/Container/BoundMethod.php(29): call_user_func_array(Array, Array)
#8 /home/teamsnowflake/stemapp/demo002-me/demo/php/vendor/laravel/framework/src/Illuminate/Container/BoundMethod.php(87): Illuminate\Container\BoundMethod::Illuminate\Container\{closure}()
#9 /home/teamsnowflake/stemapp/demo002-me/demo/php/vendor/laravel/framework/src/Illuminate/Container/BoundMethod.php(31): Illuminate\Container\BoundMethod::callBoundMethod(Object(Illuminate\Foundation\Application), Array, Object(Closure))
#10 /home/teamsnowflake/stemapp/demo002-me/demo/php/vendor/laravel/framework/src/Illuminate/Container/Container.php(539): Illuminate\Container\BoundMethod::call(Object(Illuminate\Foundation\Application), Array, Array, NULL)
#11 /home/teamsnowflake/stemapp/demo002-me/demo/php/vendor/laravel/framework/src/Illuminate/Console/Command.php(182): Illuminate\Container\Container->call(Array)
#12 /home/teamsnowflake/stemapp/demo002-me/demo/php/vendor/symfony/console/Command/Command.php(251): Illuminate\Console\Command->execute(Object(Symfony\Component\Console\Input\ArrayInput), Object(Illuminate\Console\OutputStyle))
#13 /home/teamsnowflake/stemapp/demo002-me/demo/php/vendor/laravel/framework/src/Illuminate/Console/Command.php(167): Symfony\Component\Console\Command\Command->run(Object(Symfony\Component\Console\Input\ArrayInput), Object(Illuminate\Console\OutputStyle))
#14 /home/teamsnowflake/stemapp/demo002-me/demo/php/vendor/laravel/framework/src/Illuminate/Console/Command.php(197): Illuminate\Console\Command->run(Object(Symfony\Component\Console\Input\ArrayInput), Object(Illuminate\Console\OutputStyle))
#15 /home/teamsnowflake/stemapp/demo002-me/demo/php/vendor/laravel/framework/src/Illuminate/Database/Console/Migrations/RefreshCommand.php(104): Illuminate\Console\Command->call('migrate:reset', Array)
#16 /home/teamsnowflake/stemapp/demo002-me/demo/php/vendor/laravel/framework/src/Illuminate/Database/Console/Migrations/RefreshCommand.php(55): Illuminate\Database\Console\Migrations\RefreshCommand->runReset(NULL, NULL, false)
#17 [internal function]: Illuminate\Database\Console\Migrations\RefreshCommand->fire()
#18 /home/teamsnowflake/stemapp/demo002-me/demo/php/vendor/laravel/framework/src/Illuminate/Container/BoundMethod.php(29): call_user_func_array(Array, Array)
#19 /home/teamsnowflake/stemapp/demo002-me/demo/php/vendor/laravel/framework/src/Illuminate/Container/BoundMethod.php(87): Illuminate\Container\BoundMethod::Illuminate\Container\{closure}()
#20 /home/teamsnowflake/stemapp/demo002-me/demo/php/vendor/laravel/framework/src/Illuminate/Container/BoundMethod.php(31): Illuminate\Container\BoundMethod::callBoundMethod(Object(Illuminate\Foundation\Application), Array, Object(Closure))
#21 /home/teamsnowflake/stemapp/demo002-me/demo/php/vendor/laravel/framework/src/Illuminate/Container/Container.php(539): Illuminate\Container\BoundMethod::call(Object(Illuminate\Foundation\Application), Array, Array, NULL)
#22 /home/teamsnowflake/stemapp/demo002-me/demo/php/vendor/laravel/framework/src/Illuminate/Console/Command.php(182): Illuminate\Container\Container->call(Array)
#23 /home/teamsnowflake/stemapp/demo002-me/demo/php/vendor/symfony/console/Command/Command.php(251): Illuminate\Console\Command->execute(Object(Symfony\Component\Console\Input\ArgvInput), Object(Illuminate\Console\OutputStyle))
#24 /home/teamsnowflake/stemapp/demo002-me/demo/php/vendor/laravel/framework/src/Illuminate/Console/Command.php(167): Symfony\Component\Console\Command\Command->run(Object(Symfony\Component\Console\Input\ArgvInput), Object(Illuminate\Console\OutputStyle))
#25 /home/teamsnowflake/stemapp/demo002-me/demo/php/vendor/symfony/console/Application.php(946): Illuminate\Console\Command->run(Object(Symfony\Component\Console\Input\ArgvInput), Object(Symfony\Component\Console\Output\ConsoleOutput))
#26 /home/teamsnowflake/stemapp/demo002-me/demo/php/vendor/symfony/console/Application.php(248): Symfony\Component\Console\Application->doRunCommand(Object(Illuminate\Database\Console\Migrations\RefreshCommand), Object(Symfony\Component\Console\Input\ArgvInput), Object(Symfony\Component\Console\Output\ConsoleOutput))
#27 /home/teamsnowflake/stemapp/demo002-me/demo/php/vendor/symfony/console/Application.php(148): Symfony\Component\Console\Application->doRun(Object(Symfony\Component\Console\Input\ArgvInput), Object(Symfony\Component\Console\Output\ConsoleOutput))
#28 /home/teamsnowflake/stemapp/demo002-me/demo/php/vendor/laravel/framework/src/Illuminate/Foundation/Console/Kernel.php(122): Symfony\Component\Console\Application->run(Object(Symfony\Component\Console\Input\ArgvInput), Object(Symfony\Component\Console\Output\ConsoleOutput))
#29 /home/teamsnowflake/stemapp/demo002-me/demo/php/artisan(35): Illuminate\Foundation\Console\Kernel->handle(Object(Symfony\Component\Console\Input\ArgvInput), Object(Symfony\Component\Console\Output\ConsoleOutput))
#30 {main}  
